[0227/211036.381:ERROR:registration_protocol_win.cc(102)] CreateFile: The system cannot find the file specified. (0x2)


{
  user(login: "victorberland") {
    contributionsCollection(
      from: "2022-01-01T00:00:00Z"
      to: "2022-12-31T23:59:59Z"
    ) {
      totalCommitContributions
      totalIssueContributions
      totalPullRequestContributions
      totalPullRequestReviewContributions
      contributionCalendar {
        totalContributions
      }
    }
    repositories(last: 100, isFork: false, affiliations: OWNER, privacy: PUBLIC) {
      nodes {
        name
        stargazerCount
        diskUsage
        forkCount
        milestones {
          totalCount
        }
        packages {
          totalCount
        }
        pullRequests {
          totalCount
        }
        releases {
          totalCount
        }
        watchers {
          totalCount
        }
        issues {
          totalCount
        }
        defaultBranchRef {
          name
          target {
            ... on Commit {
              history {
                totalCount
              }
            }
          }
        }
      }
    }
    repositoriesContributedTo(
      first: 100
      contributionTypes: [COMMIT, ISSUE, PULL_REQUEST, REPOSITORY]
    ) {
      nodes {
        nameWithOwner
        owner {
          login
        }
        isInOrganization
      }
      totalCount
    }
  }
}
